# JRE version: OpenJDK Runtime Environment (11.0.8+10) (build 11.0.8+10-b944.6842174)
# Java VM: OpenJDK 64-Bit Server VM (11.0.8+10-b944.6842174, mixed mode, tiered, compressed oops, g1 gc, windows-amd64)
Heap:
 garbage-first heap   total 280576K, used 236678K [0x0000000080000000, 0x0000000100000000)
  region size 1024K, 93 young (95232K), 4 survivors (4096K)
 Metaspace       used 127508K, capacity 130936K, committed 131144K, reserved 1163264K
  class space    used 15556K, capacity 16741K, committed 16844K, reserved 1048576K
GC Heap History (20 events):
Event: 275.647 GC heap before
{Heap before GC invocations=125 (full 0):
 garbage-first heap   total 227328K, used 152083K [0x0000000080000000, 0x0000000100000000)
  region size 1024K, 11 young (11264K), 3 survivors (3072K)
 Metaspace       used 127426K, capacity 130807K, committed 131144K, reserved 1163264K
  class space    used 15553K, capacity 16741K, committed 16844K, reserved 1048576K
}
Event: 275.659 GC heap after
{Heap after GC invocations=126 (full 0):
 garbage-first heap   total 227328K, used 143485K [0x0000000080000000, 0x0000000100000000)
  region size 1024K, 1 young (1024K), 1 survivors (1024K)
 Metaspace       used 127426K, capacity 130807K, committed 131144K, reserved 1163264K
  class space    used 15553K, capacity 16741K, committed 16844K, reserved 1048576K
}
Event: 276.222 GC heap before
{Heap before GC invocations=126 (full 0):
 garbage-first heap   total 227328K, used 195709K [0x0000000080000000, 0x0000000100000000)
  region size 1024K, 52 young (53248K), 1 survivors (1024K)
 Metaspace       used 127434K, capacity 130872K, committed 131144K, reserved 1163264K
  class space    used 15553K, capacity 16741K, committed 16844K, reserved 1048576K
}
Event: 276.234 GC heap after
{Heap after GC invocations=127 (full 0):
 garbage-first heap   total 227328K, used 144919K [0x0000000080000000, 0x0000000100000000)
  region size 1024K, 2 young (2048K), 2 survivors (2048K)
 Metaspace       used 127434K, capacity 130872K, committed 131144K, reserved 1163264K
  class space    used 15553K, capacity 16741K, committed 16844K, reserved 1048576K
}
Event: 277.422 GC heap before
{Heap before GC invocations=128 (full 0):
 garbage-first heap   total 227328K, used 197143K [0x0000000080000000, 0x0000000100000000)
  region size 1024K, 53 young (54272K), 2 survivors (2048K)
 Metaspace       used 127439K, capacity 130872K, committed 131144K, reserved 1163264K
  class space    used 15553K, capacity 16741K, committed 16844K, reserved 1048576K
}
Event: 277.428 GC heap after
{Heap after GC invocations=129 (full 0):
 garbage-first heap   total 227328K, used 144087K [0x0000000080000000, 0x0000000100000000)
  region size 1024K, 1 young (1024K), 1 survivors (1024K)
 Metaspace       used 127439K, capacity 130872K, committed 131144K, reserved 1163264K
  class space    used 15553K, capacity 16741K, committed 16844K, reserved 1048576K
}
Event: 277.460 GC heap before
{Heap before GC invocations=129 (full 0):
 garbage-first heap   total 227328K, used 154327K [0x0000000080000000, 0x0000000100000000)
  region size 1024K, 11 young (11264K), 1 survivors (1024K)
 Metaspace       used 127439K, capacity 130872K, committed 131144K, reserved 1163264K
  class space    used 15553K, capacity 16741K, committed 16844K, reserved 1048576K
}
Event: 277.488 GC heap after
{Heap after GC invocations=130 (full 0):
 garbage-first heap   total 227328K, used 142994K [0x0000000080000000, 0x0000000100000000)
  region size 1024K, 2 young (2048K), 2 survivors (2048K)
 Metaspace       used 127439K, capacity 130872K, committed 131144K, reserved 1163264K
  class space    used 15553K, capacity 16741K, committed 16844K, reserved 1048576K
}
Event: 278.160 GC heap before
{Heap before GC invocations=130 (full 0):
 garbage-first heap   total 227328K, used 196242K [0x0000000080000000, 0x0000000100000000)
  region size 1024K, 54 young (55296K), 2 survivors (2048K)
 Metaspace       used 127452K, capacity 130872K, committed 131144K, reserved 1163264K
  class space    used 15555K, capacity 16741K, committed 16844K, reserved 1048576K
}
Event: 278.171 GC heap after
{Heap after GC invocations=131 (full 0):
 garbage-first heap   total 227328K, used 143734K [0x0000000080000000, 0x0000000100000000)
  region size 1024K, 2 young (2048K), 2 survivors (2048K)
 Metaspace       used 127452K, capacity 130872K, committed 131144K, reserved 1163264K
  class space    used 15555K, capacity 16741K, committed 16844K, reserved 1048576K
}
Event: 279.217 GC heap before
{Heap before GC invocations=132 (full 0):
 garbage-first heap   total 227328K, used 198006K [0x0000000080000000, 0x0000000100000000)
  region size 1024K, 55 young (56320K), 2 survivors (2048K)
 Metaspace       used 127455K, capacity 130872K, committed 131144K, reserved 1163264K
  class space    used 15555K, capacity 16741K, committed 16844K, reserved 1048576K
}
Event: 279.227 GC heap after
{Heap after GC invocations=133 (full 0):
 garbage-first heap   total 227328K, used 143976K [0x0000000080000000, 0x0000000100000000)
  region size 1024K, 3 young (3072K), 3 survivors (3072K)
 Metaspace       used 127455K, capacity 130872K, committed 131144K, reserved 1163264K
  class space    used 15555K, capacity 16741K, committed 16844K, reserved 1048576K
}
Event: 279.258 GC heap before
{Heap before GC invocations=133 (full 0):
 garbage-first heap   total 227328K, used 151144K [0x0000000080000000, 0x0000000100000000)
  region size 1024K, 11 young (11264K), 3 survivors (3072K)
 Metaspace       used 127455K, capacity 130872K, committed 131144K, reserved 1163264K
  class space    used 15555K, capacity 16741K, committed 16844K, reserved 1048576K
}
Event: 279.287 GC heap after
{Heap after GC invocations=134 (full 0):
 garbage-first heap   total 227328K, used 143313K [0x0000000080000000, 0x0000000100000000)
  region size 1024K, 2 young (2048K), 2 survivors (2048K)
 Metaspace       used 127455K, capacity 130872K, committed 131144K, reserved 1163264K
  class space    used 15555K, capacity 16741K, committed 16844K, reserved 1048576K
}
Event: 280.081 GC heap before
{Heap before GC invocations=134 (full 0):
 garbage-first heap   total 227328K, used 197585K [0x0000000080000000, 0x0000000100000000)
  region size 1024K, 55 young (56320K), 2 survivors (2048K)
 Metaspace       used 127471K, capacity 130872K, committed 131144K, reserved 1163264K
  class space    used 15555K, capacity 16741K, committed 16844K, reserved 1048576K
}
Event: 280.091 GC heap after
{Heap after GC invocations=135 (full 0):
 garbage-first heap   total 280576K, used 143895K [0x0000000080000000, 0x0000000100000000)
  region size 1024K, 2 young (2048K), 2 survivors (2048K)
 Metaspace       used 127471K, capacity 130872K, committed 131144K, reserved 1163264K
  class space    used 15555K, capacity 16741K, committed 16844K, reserved 1048576K
}
Event: 281.768 GC heap before
{Heap before GC invocations=136 (full 0):
 garbage-first heap   total 280576K, used 231959K [0x0000000080000000, 0x0000000100000000)
  region size 1024K, 88 young (90112K), 2 survivors (2048K)
 Metaspace       used 127476K, capacity 130872K, committed 131144K, reserved 1163264K
  class space    used 15556K, capacity 16741K, committed 16844K, reserved 1048576K
}
Event: 281.776 GC heap after
{Heap after GC invocations=137 (full 0):
 garbage-first heap   total 280576K, used 144241K [0x0000000080000000, 0x0000000100000000)
  region size 1024K, 2 young (2048K), 2 survivors (2048K)
 Metaspace       used 127476K, capacity 130872K, committed 131144K, reserved 1163264K
  class space    used 15556K, capacity 16741K, committed 16844K, reserved 1048576K
}
Event: 282.630 GC heap before
{Heap before GC invocations=137 (full 0):
 garbage-first heap   total 280576K, used 235377K [0x0000000080000000, 0x0000000100000000)
  region size 1024K, 91 young (93184K), 2 survivors (2048K)
 Metaspace       used 127486K, capacity 130872K, committed 131144K, reserved 1163264K
  class space    used 15556K, capacity 16741K, committed 16844K, reserved 1048576K
}
Event: 282.646 GC heap after
{Heap after GC invocations=138 (full 0):
 garbage-first heap   total 280576K, used 145542K [0x0000000080000000, 0x0000000100000000)
  region size 1024K, 4 young (4096K), 4 survivors (4096K)
 Metaspace       used 127486K, capacity 130872K, committed 131144K, reserved 1163264K
  class space    used 15556K, capacity 16741K, committed 16844K, reserved 1048576K
}

